|   iter    |  target   | n_esti... | max_depth | min_sa... | min_sa... | max_fe... |
-------------------------------------------------------------------------------------
| 2         | 0.9146907 | 106.18101 | 19.162143 | 7.8559515 | 6.3879263 | 0.3936111 |
| 3         | 0.7640682 | 73.399178 | 3.9874214 | 8.9294091 | 6.4100351 | 0.7248435 |
| 4         | 0.9293800 | 53.087674 | 19.488467 | 8.6595411 | 2.9110519 | 0.4090949 |
| 5         | 0.9034427 | 77.510676 | 8.1721181 | 6.1980514 | 4.8875051 | 0.4747374 |
| 6         | 0.8312511 | 141.77793 | 5.3713956 | 4.3371571 | 4.2972565 | 0.5736419 |
| 7         | 0.8631267 | 167.77639 | 6.3944542 | 6.1138755 | 6.3317311 | 0.3278702 |
| 8         | 0.8762573 | 141.13172 | 5.8989101 | 2.5204127 | 9.5399698 | 0.8793792 |
| 9         | 0.8990658 | 171.25960 | 8.1784340 | 2.7813769 | 7.1580972 | 0.5640914 |
| 10        | 0.8962536 | 68.305735 | 11.418007 | 2.2751081 | 9.1838836 | 0.4552679 |
| 11        | 0.9050047 | 149.37834 | 8.2990882 | 6.1605441 | 5.9203925 | 0.4109126 |
| 12        | 0.8987534 | 195.43769 | 16.177257 | 9.5159915 | 9.0534461 | 0.6587399 |
| 13        | 0.7912545 | 188.28113 | 4.5043725 | 3.5678628 | 1.4070456 | 0.4951981 |
| 14        | 0.8937541 | 108.30159 | 7.6129335 | 8.6299000 | 4.2107799 | 0.4685607 |
| 15        | 0.8775072 | 131.40441 | 5.3957118 | 8.4175758 | 1.6709557 | 0.8921321 |
| 16        | 0.9006279 | 165.83671 | 6.3781665 | 2.0441769 | 8.3391528 | 0.7241144 |
| 17        | 0.9231302 | 159.35107 | 16.111595 | 2.5923572 | 4.2261915 | 0.3695214 |
| 18        | 0.9346920 | 179.46551 | 13.596068 | 4.6471841 | 1.5720251 | 0.4865893 |
| 19        | 0.9062537 | 98.777498 | 15.403305 | 7.1004597 | 8.9849146 | 0.5833289 |
| 20        | 0.9237524 | 67.939136 | 15.125161 | 8.0862803 | 6.0514947 | 0.7625803 |
| 21        | 0.9290656 | 124.06933 | 11.886458 | 5.4203281 | 1.2287721 | 0.3647348 |
| 22        | 0.9262528 | 54.714377 | 13.818976 | 4.5148478 | 5.5771362 | 0.8445398 |
| 23        | 0.9178167 | 87.393834 | 9.9765096 | 8.0444091 | 3.0591834 | 0.3461879 |
| 24        | 0.8781331 | 93.462717 | 5.7407618 | 9.4375812 | 8.2730834 | 0.6800422 |
| 25        | 0.9000036 | 180.71908 | 16.662425 | 3.4925604 | 9.0330309 | 0.6236053 |
| 26        | 0.9331283 | 171.11602 | 18.233552 | 4.5440277 | 1.9904673 | 0.4367610 |
| 27        | 0.9346920 | 179.45874 | 13.691620 | 4.4642784 | 1.4773004 | 0.5737145 |
| 28        | 0.9303172 | 176.14591 | 17.270589 | 6.7263405 | 1.0       | 0.3       |
| 29        | 0.9200056 | 60.019523 | 17.464651 | 7.9078564 | 4.6013610 | 0.6205152 |
| 30        | 0.9359416 | 173.66132 | 13.347631 | 2.0       | 1.0       | 0.3       |
| 31        | 0.9259412 | 80.374745 | 14.492151 | 3.9653931 | 3.1098645 | 0.3       |
| 32        | 0.9337539 | 72.201342 | 20.0      | 5.1653049 | 1.8234266 | 0.3229941 |
| 33        | 0.9053168 | 75.732452 | 20.0      | 8.6185688 | 8.2264813 | 0.6373207 |
| 34        | 0.9156282 | 50.0      | 16.519744 | 10.0      | 10.0      | 0.7610466 |
| 35        | 0.9400020 | 65.104004 | 20.0      | 2.0       | 1.0       | 0.9       |
| 36        | 0.9300048 | 119.15914 | 19.310542 | 4.3693503 | 2.1476769 | 0.3       |
| 37        | 0.8978157 | 120.97142 | 14.476013 | 2.0       | 9.2275002 | 0.3       |
| 38        | 0.9178170 | 66.129134 | 20.0      | 2.0       | 8.1866879 | 0.9       |
| 39        | 0.9234429 | 125.45429 | 20.0      | 10.0      | 1.0       | 0.3       |
| 40        | 0.9165660 | 166.54345 | 20.0      | 2.0       | 10.0      | 0.9       |
| 41        | 0.9325026 | 117.73028 | 14.537596 | 10.0      | 1.0       | 0.9       |
| 42        | 0.9365644 | 50.0      | 20.0      | 2.0       | 1.0       | 0.3       |
| 43        | 0.9218803 | 50.0      | 10.112465 | 9.3776463 | 1.0       | 0.3       |
| 44        | 0.9153155 | 153.21085 | 20.0      | 9.0467709 | 10.0      | 0.9       |
| 45        | 0.7349925 | 50.0      | 3.8753871 | 2.0       | 7.5143470 | 0.3       |
| 46        | 0.9381270 | 92.180149 | 20.0      | 2.0       | 1.0       | 0.9       |
| 47        | 0.9240680 | 89.043459 | 20.0      | 10.0      | 1.0       | 0.3       |
| 48        | 0.9137532 | 88.623649 | 20.0      | 2.0       | 10.0      | 0.9       |
| 49        | 0.9362540 | 101.20649 | 20.0      | 2.0       | 1.0       | 0.3       |
| 50        | 0.9350050 | 149.53267 | 20.0      | 2.0       | 1.0       | 0.3       |
| 51        | 0.8937518 | 143.75011 | 20.0      | 2.0       | 10.0      | 0.3       |
| 52        | 0.9246925 | 155.42638 | 20.0      | 10.0      | 1.0       | 0.3       |
| 53        | 0.9171908 | 53.924918 | 20.0      | 2.0       | 10.0      | 0.9       |
| 54        | 0.9318781 | 98.447318 | 20.0      | 10.0      | 1.0       | 0.9       |
| 55        | 0.7596942 | 118.16700 | 3.0       | 2.0       | 1.0       | 0.9       |
| 56        | 0.9387521 | 130.63523 | 20.0      | 2.0       | 1.0       | 0.9       |
| 57        | 0.9346894 | 140.54753 | 20.0      | 10.0      | 1.0       | 0.9       |
| 58        | 0.9143783 | 131.89377 | 20.0      | 10.0      | 10.0      | 0.9       |
| 59        | 0.9362526 | 95.993363 | 11.849714 | 2.0       | 1.0       | 0.3       |
| 60        | 0.8768832 | 84.546801 | 5.7301393 | 2.0       | 1.0       | 0.9       |
| 61        | 0.9143774 | 117.50412 | 20.0      | 10.0      | 10.0      | 0.9       |
| 62        | 0.9353174 | 200.0     | 20.0      | 2.0       | 1.0       | 0.6663777 |
| 63        | 0.9243801 | 186.83731 | 20.0      | 10.0      | 1.0       | 0.3       |
| 64        | 0.8931261 | 200.0     | 20.0      | 2.0       | 10.0      | 0.3       |
| 65        | 0.9350018 | 200.0     | 20.0      | 10.0      | 1.0       | 0.9       |
| 66        | 0.9343776 | 57.281836 | 17.506144 | 2.0       | 1.0       | 0.3       |
| 67        | 0.9400017 | 70.987854 | 13.908088 | 2.0       | 1.0       | 0.9       |
| 68        | 0.9396899 | 139.13407 | 20.0      | 2.0       | 1.0       | 0.9       |
| 69        | 0.7646930 | 155.42484 | 3.0       | 2.0       | 10.0      | 0.9       |
| 70        | 0.9334398 | 148.70766 | 14.434884 | 10.0      | 1.0       | 0.9       |
| 71        | 0.9387521 | 191.02336 | 20.0      | 2.0       | 1.0       | 0.9       |
| 72        | 0.9331274 | 165.21723 | 20.0      | 10.0      | 1.0       | 0.9       |
| 73        | 0.9390645 | 110.51138 | 20.0      | 2.0       | 1.0       | 0.9       |
| 74        | 0.9237553 | 111.73152 | 20.0      | 10.0      | 1.0       | 0.3       |
| 75        | 0.8943766 | 171.18673 | 20.0      | 10.0      | 10.0      | 0.3       |
| 76        | 0.9321925 | 132.86438 | 15.817051 | 8.6510958 | 1.0       | 0.3       |
| 77        | 0.8943766 | 145.02332 | 13.785297 | 10.0      | 10.0      | 0.3       |
| 78        | 0.9231305 | 66.941112 | 20.0      | 10.0      | 1.0       | 0.3       |
| 79        | 0.9271926 | 99.195281 | 11.884324 | 10.0      | 1.0       | 0.3       |
| 80        | 0.9390636 | 104.37280 | 13.308940 | 2.0       | 1.0       | 0.9       |
| 81        | 0.9237553 | 77.463917 | 14.635420 | 10.0      | 1.0       | 0.3       |
| 82        | 0.8950017 | 130.09281 | 20.0      | 2.0       | 10.0      | 0.3       |
| 83        | 0.9265675 | 156.05988 | 11.232453 | 10.0      | 1.0       | 0.3       |
| 84        | 0.9146898 | 110.63894 | 20.0      | 2.0       | 10.0      | 0.9       |
| 85        | 0.9250026 | 125.53939 | 13.074482 | 10.0      | 6.9981964 | 0.9       |
| 86        | 0.9400023 | 164.23328 | 20.0      | 2.0       | 1.0       | 0.9       |
| 87        | 0.9243792 | 200.0     | 11.679876 | 10.0      | 1.0       | 0.3       |
| 88        | 0.7656302 | 200.0     | 3.0       | 10.0      | 10.0      | 0.9       |
| 89        | 0.9350050 | 182.66709 | 20.0      | 2.0       | 1.0       | 0.3       |
| 90        | 0.9403147 | 151.45676 | 13.258654 | 2.0       | 1.0       | 0.9       |
| 91        | 0.8975018 | 81.276302 | 11.868386 | 2.0       | 10.0      | 0.3       |
| 92        | 0.9325023 | 57.000995 | 12.411945 | 10.0      | 1.0       | 0.9       |
| 93        | 0.7443681 | 99.504218 | 3.0       | 2.0       | 1.0       | 0.3       |
| 94        | 0.9350021 | 94.461253 | 15.571842 | 5.8521233 | 1.0       | 0.9       |
| 95        | 0.9321905 | 106.38334 | 14.516944 | 10.0      | 1.0       | 0.9       |
| 96        | 0.9403164 | 63.333268 | 12.853898 | 2.0       | 1.0       | 0.9       |
| 97        | 0.9412516 | 165.29100 | 12.746562 | 2.0       | 1.0       | 0.9       |
| 98        | 0.8959389 | 112.59964 | 12.138495 | 10.0      | 10.0      | 0.3       |
| 99        | 0.8962519 | 89.066745 | 20.0      | 10.0      | 10.0      | 0.3       |
| 100       | 0.9321922 | 194.80723 | 17.242031 | 7.5752900 | 1.0       | 0.3       |
| 101       | 0.9390645 | 130.82245 | 13.867853 | 2.0       | 1.0       | 0.9       |
| 102       | 0.9218809 | 97.761531 | 15.836341 | 2.0       | 4.3203188 | 0.3       |
| 103       | 0.9396899 | 84.078063 | 20.0      | 2.0       | 1.0       | 0.9       |
| 104       | 0.9331271 | 50.0      | 15.966898 | 10.0      | 1.0       | 0.9       |
| 105       | 0.9396908 | 88.880684 | 14.710348 | 2.0       | 1.0       | 0.3       |
| 106       | 0.9375042 | 144.61404 | 15.465799 | 2.0       | 1.0       | 0.3       |
| 107       | 0.9396899 | 125.07320 | 17.011430 | 2.0       | 1.0       | 0.9       |
| 108       | 0.9350041 | 200.0     | 13.674539 | 2.0       | 1.0       | 0.3       |
| 109       | 0.9375016 | 146.13073 | 20.0      | 6.8842414 | 1.0       | 0.9       |
| 110       | 0.9334421 | 66.635685 | 15.425440 | 5.4463751 | 1.0       | 0.3       |
| 111       | 0.8940639 | 186.85677 | 20.0      | 10.0      | 10.0      | 0.3       |
| 112       | 0.9221933 | 150.86008 | 15.228924 | 5.6268562 | 4.4029430 | 0.3       |
| 113       | 0.9159411 | 161.21483 | 20.0      | 10.0      | 10.0      | 0.9       |
| 114       | 0.9340658 | 110.54428 | 15.164617 | 4.1984671 | 1.0       | 0.3       |
| 115       | 0.9337519 | 126.25844 | 13.464509 | 10.0      | 1.0       | 0.9       |
| 116       | 0.9325037 | 102.56726 | 15.976206 | 5.5727723 | 1.0       | 0.3       |
| 117       | 0.9393772 | 76.785294 | 20.0      | 2.0       | 1.0       | 0.9       |
| 118       | 0.9159409 | 64.850222 | 20.0      | 10.0      | 10.0      | 0.9       |
| 119       | 0.9328173 | 52.095206 | 14.809135 | 4.7106401 | 1.0       | 0.3       |
| 120       | 0.9356298 | 174.93928 | 20.0      | 2.0       | 1.0       | 0.3       |
| 121       | 0.9371892 | 162.54089 | 15.709941 | 6.8038249 | 1.0       | 0.9       |
| 122       | 0.9343767 | 181.63877 | 14.407838 | 10.0      | 1.0       | 0.9       |
| 123       | 0.9321905 | 80.962950 | 20.0      | 10.0      | 1.0       | 0.9       |
| 124       | 0.9350024 | 127.96288 | 15.898763 | 5.5084580 | 3.3094055 | 0.9       |
| 125       | 0.9268773 | 167.30509 | 14.993728 | 2.0       | 5.2455034 | 0.9       |
| 126       | 0.9368774 | 158.67325 | 11.438011 | 2.0       | 1.0       | 0.9       |
=====================================================================================
Melhores parâmetros: {'n_estimators': np.float64(165.29100021000627), 'max_depth': np.float64(12.746562388312677), 'min_samples_split': np.float64(2.0), 'min_samples_leaf': np.float64(1.0), 'max_features': np.float64(0.9)}
Validação (com 4.000 vítimas):
              precision    recall  f1-score   support

         0.0       0.97      0.97      0.97       144
         1.0       0.94      0.98      0.96       443
         2.0       0.95      0.88      0.91       204
         3.0       0.67      0.67      0.67         9

    accuracy                           0.95       800
   macro avg       0.88      0.87      0.88       800
weighted avg       0.95      0.95      0.95       800

Teste (com 800 vítimas):
              precision    recall  f1-score   support

         0.0       0.98      0.97      0.98       119
         1.0       0.95      0.97      0.96       455
         2.0       0.93      0.90      0.92       211
         3.0       0.93      0.87      0.90        15

    accuracy                           0.95       800
   macro avg       0.95      0.93      0.94       800
weighted avg       0.95      0.95      0.95       800

Modelo salvo com sucesso!